# JRE version: OpenJDK Runtime Environment Temurin-21.0.10+7 (21.0.10+7) (build 21.0.10+7-LTS)
# Java VM: OpenJDK 64-Bit Server VM Temurin-21.0.10+7 (21.0.10+7-LTS, mixed mode, sharing, tiered, compressed oops, compressed class ptrs, parallel gc, windows-amd64)
GC Precious Log:
 CardTable entry size: 512
 CPUs: 16 total, 16 available
 Memory: 16068M
 Large Page Support: Disabled
 NUMA Support: Disabled
 Compressed Oops: Enabled (32-bit)
 Alignments: Space 512K, Generation 512K, Heap 2M
 Heap Min Capacity: 100M
 Heap Initial Capacity: 100M
 Heap Max Capacity: 2G
 Pre-touch: Disabled
 Parallel Workers: 13
Heap:
 PSYoungGen      total 8192K, used 2311K [0x00000000d5580000, 0x00000000d6180000, 0x0000000100000000)
  eden space 7680K, 24% used [0x00000000d5580000,0x00000000d574efd0,0x00000000d5d00000)
  from space 512K, 89% used [0x00000000d6100000,0x00000000d6172df0,0x00000000d6180000)
  to   space 512K, 0% used [0x00000000d6080000,0x00000000d6080000,0x00000000d6100000)
 ParOldGen       total 561664K, used 561272K [0x0000000080000000, 0x00000000a2480000, 0x00000000d5580000)
  object space 561664K, 99% used [0x0000000080000000,0x00000000a241e380,0x00000000a2480000)
 Metaspace       used 83982K, committed 85696K, reserved 1179648K
  class space    used 8509K, committed 9280K, reserved 1048576K
GC Heap History (20 events):
Event: 5335.968 GC heap before
{Heap before GC invocations=439 (full 4):
 PSYoungGen      total 9216K, used 9201K [0x00000000d5580000, 0x00000000d6580000, 0x0000000100000000)
  eden space 7680K, 100% used [0x00000000d5580000,0x00000000d5d00000,0x00000000d5d00000)
  from space 1536K, 99% used [0x00000000d6100000,0x00000000d627c550,0x00000000d6280000)
  to   space 4096K, 0% used [0x00000000d5d00000,0x00000000d5d00000,0x00000000d6100000)
 ParOldGen       total 550400K, used 550245K [0x0000000080000000, 0x00000000a1980000, 0x00000000d5580000)
  object space 550400K, 99% used [0x0000000080000000,0x00000000a1959650,0x00000000a1980000)
 Metaspace       used 83739K, committed 85440K, reserved 1179648K
  class space    used 8499K, committed 9216K, reserved 1048576K
}
Event: 5335.971 GC heap after
{Heap after GC invocations=439 (full 4):
 PSYoungGen      total 9728K, used 1879K [0x00000000d5580000, 0x00000000d6200000, 0x0000000100000000)
  eden space 7680K, 0% used [0x00000000d5580000,0x00000000d5580000,0x00000000d5d00000)
  from space 2048K, 91% used [0x00000000d5d00000,0x00000000d5ed5dd0,0x00000000d5f00000)
  to   space 2560K, 0% used [0x00000000d5f80000,0x00000000d5f80000,0x00000000d6200000)
 ParOldGen       total 551936K, used 551725K [0x0000000080000000, 0x00000000a1b00000, 0x00000000d5580000)
  object space 551936K, 99% used [0x0000000080000000,0x00000000a1acb788,0x00000000a1b00000)
 Metaspace       used 83739K, committed 85440K, reserved 1179648K
  class space    used 8499K, committed 9216K, reserved 1048576K
}
Event: 5414.781 GC heap before
{Heap before GC invocations=440 (full 4):
 PSYoungGen      total 9728K, used 9559K [0x00000000d5580000, 0x00000000d6200000, 0x0000000100000000)
  eden space 7680K, 100% used [0x00000000d5580000,0x00000000d5d00000,0x00000000d5d00000)
  from space 2048K, 91% used [0x00000000d5d00000,0x00000000d5ed5dd0,0x00000000d5f00000)
  to   space 2560K, 0% used [0x00000000d5f80000,0x00000000d5f80000,0x00000000d6200000)
 ParOldGen       total 551936K, used 551725K [0x0000000080000000, 0x00000000a1b00000, 0x00000000d5580000)
  object space 551936K, 99% used [0x0000000080000000,0x00000000a1acb788,0x00000000a1b00000)
 Metaspace       used 83761K, committed 85440K, reserved 1179648K
  class space    used 8499K, committed 9216K, reserved 1048576K
}
Event: 5414.784 GC heap after
{Heap after GC invocations=440 (full 4):
 PSYoungGen      total 9728K, used 1632K [0x00000000d5580000, 0x00000000d6180000, 0x0000000100000000)
  eden space 7680K, 0% used [0x00000000d5580000,0x00000000d5580000,0x00000000d5d00000)
  from space 2048K, 79% used [0x00000000d5f80000,0x00000000d6118000,0x00000000d6180000)
  to   space 2048K, 0% used [0x00000000d5d00000,0x00000000d5d00000,0x00000000d5f00000)
 ParOldGen       total 553472K, used 553410K [0x0000000080000000, 0x00000000a1c80000, 0x00000000d5580000)
  object space 553472K, 99% used [0x0000000080000000,0x00000000a1c70af0,0x00000000a1c80000)
 Metaspace       used 83761K, committed 85440K, reserved 1179648K
  class space    used 8499K, committed 9216K, reserved 1048576K
}
Event: 5445.557 GC heap before
{Heap before GC invocations=441 (full 4):
 PSYoungGen      total 9728K, used 9312K [0x00000000d5580000, 0x00000000d6180000, 0x0000000100000000)
  eden space 7680K, 100% used [0x00000000d5580000,0x00000000d5d00000,0x00000000d5d00000)
  from space 2048K, 79% used [0x00000000d5f80000,0x00000000d6118000,0x00000000d6180000)
  to   space 2048K, 0% used [0x00000000d5d00000,0x00000000d5d00000,0x00000000d5f00000)
 ParOldGen       total 553472K, used 553410K [0x0000000080000000, 0x00000000a1c80000, 0x00000000d5580000)
  object space 553472K, 99% used [0x0000000080000000,0x00000000a1c70af0,0x00000000a1c80000)
 Metaspace       used 83764K, committed 85440K, reserved 1179648K
  class space    used 8500K, committed 9216K, reserved 1048576K
}
Event: 5445.559 GC heap after
{Heap after GC invocations=441 (full 4):
 PSYoungGen      total 9728K, used 2042K [0x00000000d5580000, 0x00000000d6500000, 0x0000000100000000)
  eden space 7680K, 0% used [0x00000000d5580000,0x00000000d5580000,0x00000000d5d00000)
  from space 2048K, 99% used [0x00000000d5d00000,0x00000000d5efe948,0x00000000d5f00000)
  to   space 4096K, 0% used [0x00000000d6100000,0x00000000d6100000,0x00000000d6500000)
 ParOldGen       total 555008K, used 554993K [0x0000000080000000, 0x00000000a1e00000, 0x00000000d5580000)
  object space 555008K, 99% used [0x0000000080000000,0x00000000a1dfc560,0x00000000a1e00000)
 Metaspace       used 83764K, committed 85440K, reserved 1179648K
  class space    used 8500K, committed 9216K, reserved 1048576K
}
Event: 5445.615 GC heap before
{Heap before GC invocations=442 (full 4):
 PSYoungGen      total 9728K, used 9722K [0x00000000d5580000, 0x00000000d6500000, 0x0000000100000000)
  eden space 7680K, 100% used [0x00000000d5580000,0x00000000d5d00000,0x00000000d5d00000)
  from space 2048K, 99% used [0x00000000d5d00000,0x00000000d5efe948,0x00000000d5f00000)
  to   space 4096K, 0% used [0x00000000d6100000,0x00000000d6100000,0x00000000d6500000)
 ParOldGen       total 555008K, used 554993K [0x0000000080000000, 0x00000000a1e00000, 0x00000000d5580000)
  object space 555008K, 99% used [0x0000000080000000,0x00000000a1dfc560,0x00000000a1e00000)
 Metaspace       used 83802K, committed 85440K, reserved 1179648K
  class space    used 8500K, committed 9216K, reserved 1048576K
}
Event: 5445.618 GC heap after
{Heap after GC invocations=442 (full 4):
 PSYoungGen      total 9728K, used 1617K [0x00000000d5580000, 0x00000000d6300000, 0x0000000100000000)
  eden space 7680K, 0% used [0x00000000d5580000,0x00000000d5580000,0x00000000d5d00000)
  from space 2048K, 78% used [0x00000000d6100000,0x00000000d62946d8,0x00000000d6300000)
  to   space 2560K, 0% used [0x00000000d5e00000,0x00000000d5e00000,0x00000000d6080000)
 ParOldGen       total 557056K, used 556954K [0x0000000080000000, 0x00000000a2000000, 0x00000000d5580000)
  object space 557056K, 99% used [0x0000000080000000,0x00000000a1fe6860,0x00000000a2000000)
 Metaspace       used 83802K, committed 85440K, reserved 1179648K
  class space    used 8500K, committed 9216K, reserved 1048576K
}
Event: 5445.656 GC heap before
{Heap before GC invocations=443 (full 4):
 PSYoungGen      total 9728K, used 9297K [0x00000000d5580000, 0x00000000d6300000, 0x0000000100000000)
  eden space 7680K, 100% used [0x00000000d5580000,0x00000000d5d00000,0x00000000d5d00000)
  from space 2048K, 78% used [0x00000000d6100000,0x00000000d62946d8,0x00000000d6300000)
  to   space 2560K, 0% used [0x00000000d5e00000,0x00000000d5e00000,0x00000000d6080000)
 ParOldGen       total 557056K, used 556954K [0x0000000080000000, 0x00000000a2000000, 0x00000000d5580000)
  object space 557056K, 99% used [0x0000000080000000,0x00000000a1fe6860,0x00000000a2000000)
 Metaspace       used 83803K, committed 85504K, reserved 1179648K
  class space    used 8500K, committed 9216K, reserved 1048576K
}
Event: 5445.658 GC heap after
{Heap after GC invocations=443 (full 4):
 PSYoungGen      total 10240K, used 2544K [0x00000000d5580000, 0x00000000d6600000, 0x0000000100000000)
  eden space 7680K, 0% used [0x00000000d5580000,0x00000000d5580000,0x00000000d5d00000)
  from space 2560K, 99% used [0x00000000d5e00000,0x00000000d607c0f8,0x00000000d6080000)
  to   space 4608K, 0% used [0x00000000d6180000,0x00000000d6180000,0x00000000d6600000)
 ParOldGen       total 558592K, used 558436K [0x0000000080000000, 0x00000000a2180000, 0x00000000d5580000)
  object space 558592K, 99% used [0x0000000080000000,0x00000000a2159350,0x00000000a2180000)
 Metaspace       used 83803K, committed 85504K, reserved 1179648K
  class space    used 8500K, committed 9216K, reserved 1048576K
}
Event: 5445.776 GC heap before
{Heap before GC invocations=444 (full 4):
 PSYoungGen      total 10240K, used 10224K [0x00000000d5580000, 0x00000000d6600000, 0x0000000100000000)
  eden space 7680K, 100% used [0x00000000d5580000,0x00000000d5d00000,0x00000000d5d00000)
  from space 2560K, 99% used [0x00000000d5e00000,0x00000000d607c0f8,0x00000000d6080000)
  to   space 4608K, 0% used [0x00000000d6180000,0x00000000d6180000,0x00000000d6600000)
 ParOldGen       total 558592K, used 558436K [0x0000000080000000, 0x00000000a2180000, 0x00000000d5580000)
  object space 558592K, 99% used [0x0000000080000000,0x00000000a2159350,0x00000000a2180000)
 Metaspace       used 83840K, committed 85504K, reserved 1179648K
  class space    used 8500K, committed 9216K, reserved 1048576K
}
Event: 5445.778 GC heap after
{Heap after GC invocations=444 (full 4):
 PSYoungGen      total 8704K, used 813K [0x00000000d5580000, 0x00000000d6280000, 0x0000000100000000)
  eden space 7680K, 0% used [0x00000000d5580000,0x00000000d5580000,0x00000000d5d00000)
  from space 1024K, 79% used [0x00000000d6180000,0x00000000d624b4c8,0x00000000d6280000)
  to   space 2048K, 0% used [0x00000000d5e80000,0x00000000d5e80000,0x00000000d6080000)
 ParOldGen       total 560640K, used 560572K [0x0000000080000000, 0x00000000a2380000, 0x00000000d5580000)
  object space 560640K, 99% used [0x0000000080000000,0x00000000a236f1d0,0x00000000a2380000)
 Metaspace       used 83840K, committed 85504K, reserved 1179648K
  class space    used 8500K, committed 9216K, reserved 1048576K
}
Event: 5445.820 GC heap before
{Heap before GC invocations=445 (full 4):
 PSYoungGen      total 8704K, used 8425K [0x00000000d5580000, 0x00000000d6280000, 0x0000000100000000)
  eden space 7680K, 99% used [0x00000000d5580000,0x00000000d5cef0a8,0x00000000d5d00000)
  from space 1024K, 79% used [0x00000000d6180000,0x00000000d624b4c8,0x00000000d6280000)
  to   space 2048K, 0% used [0x00000000d5e80000,0x00000000d5e80000,0x00000000d6080000)
 ParOldGen       total 560640K, used 560572K [0x0000000080000000, 0x00000000a2380000, 0x00000000d5580000)
  object space 560640K, 99% used [0x0000000080000000,0x00000000a236f1d0,0x00000000a2380000)
 Metaspace       used 83852K, committed 85504K, reserved 1179648K
  class space    used 8500K, committed 9216K, reserved 1048576K
}
Event: 5445.821 GC heap after
{Heap after GC invocations=445 (full 4):
 PSYoungGen      total 9728K, used 384K [0x00000000d5580000, 0x00000000d6200000, 0x0000000100000000)
  eden space 7680K, 0% used [0x00000000d5580000,0x00000000d5580000,0x00000000d5d00000)
  from space 2048K, 18% used [0x00000000d5e80000,0x00000000d5ee0000,0x00000000d6080000)
  to   space 1024K, 0% used [0x00000000d6100000,0x00000000d6100000,0x00000000d6200000)
 ParOldGen       total 561152K, used 560920K [0x0000000080000000, 0x00000000a2400000, 0x00000000d5580000)
  object space 561152K, 99% used [0x0000000080000000,0x00000000a23c6380,0x00000000a2400000)
 Metaspace       used 83852K, committed 85504K, reserved 1179648K
  class space    used 8500K, committed 9216K, reserved 1048576K
}
Event: 5445.855 GC heap before
{Heap before GC invocations=446 (full 4):
 PSYoungGen      total 9728K, used 8064K [0x00000000d5580000, 0x00000000d6200000, 0x0000000100000000)
  eden space 7680K, 100% used [0x00000000d5580000,0x00000000d5d00000,0x00000000d5d00000)
  from space 2048K, 18% used [0x00000000d5e80000,0x00000000d5ee0000,0x00000000d6080000)
  to   space 1024K, 0% used [0x00000000d6100000,0x00000000d6100000,0x00000000d6200000)
 ParOldGen       total 561152K, used 560920K [0x0000000080000000, 0x00000000a2400000, 0x00000000d5580000)
  object space 561152K, 99% used [0x0000000080000000,0x00000000a23c6380,0x00000000a2400000)
 Metaspace       used 83868K, committed 85504K, reserved 1179648K
  class space    used 8500K, committed 9216K, reserved 1048576K
}
Event: 5445.856 GC heap after
{Heap after GC invocations=446 (full 4):
 PSYoungGen      total 8192K, used 491K [0x00000000d5580000, 0x00000000d6180000, 0x0000000100000000)
  eden space 7680K, 0% used [0x00000000d5580000,0x00000000d5580000,0x00000000d5d00000)
  from space 512K, 95% used [0x00000000d6100000,0x00000000d617adf0,0x00000000d6180000)
  to   space 1024K, 0% used [0x00000000d5f80000,0x00000000d5f80000,0x00000000d6080000)
 ParOldGen       total 561152K, used 560992K [0x0000000080000000, 0x00000000a2400000, 0x00000000d5580000)
  object space 561152K, 99% used [0x0000000080000000,0x00000000a23d8380,0x00000000a2400000)
 Metaspace       used 83868K, committed 85504K, reserved 1179648K
  class space    used 8500K, committed 9216K, reserved 1048576K
}
Event: 5445.906 GC heap before
{Heap before GC invocations=447 (full 4):
 PSYoungGen      total 8192K, used 8171K [0x00000000d5580000, 0x00000000d6180000, 0x0000000100000000)
  eden space 7680K, 100% used [0x00000000d5580000,0x00000000d5d00000,0x00000000d5d00000)
  from space 512K, 95% used [0x00000000d6100000,0x00000000d617adf0,0x00000000d6180000)
  to   space 1024K, 0% used [0x00000000d5f80000,0x00000000d5f80000,0x00000000d6080000)
 ParOldGen       total 561152K, used 560992K [0x0000000080000000, 0x00000000a2400000, 0x00000000d5580000)
  object space 561152K, 99% used [0x0000000080000000,0x00000000a23d8380,0x00000000a2400000)
 Metaspace       used 83929K, committed 85632K, reserved 1179648K
  class space    used 8509K, committed 9280K, reserved 1048576K
}
Event: 5445.907 GC heap after
{Heap after GC invocations=447 (full 4):
 PSYoungGen      total 8704K, used 416K [0x00000000d5580000, 0x00000000d6180000, 0x0000000100000000)
  eden space 7680K, 0% used [0x00000000d5580000,0x00000000d5580000,0x00000000d5d00000)
  from space 1024K, 40% used [0x00000000d5f80000,0x00000000d5fe8000,0x00000000d6080000)
  to   space 512K, 0% used [0x00000000d6100000,0x00000000d6100000,0x00000000d6180000)
 ParOldGen       total 561152K, used 561096K [0x0000000080000000, 0x00000000a2400000, 0x00000000d5580000)
  object space 561152K, 99% used [0x0000000080000000,0x00000000a23f2380,0x00000000a2400000)
 Metaspace       used 83929K, committed 85632K, reserved 1179648K
  class space    used 8509K, committed 9280K, reserved 1048576K
}
Event: 5445.943 GC heap before
{Heap before GC invocations=448 (full 4):
 PSYoungGen      total 8704K, used 8096K [0x00000000d5580000, 0x00000000d6180000, 0x0000000100000000)
  eden space 7680K, 100% used [0x00000000d5580000,0x00000000d5d00000,0x00000000d5d00000)
  from space 1024K, 40% used [0x00000000d5f80000,0x00000000d5fe8000,0x00000000d6080000)
  to   space 512K, 0% used [0x00000000d6100000,0x00000000d6100000,0x00000000d6180000)
 ParOldGen       total 561152K, used 561096K [0x0000000080000000, 0x00000000a2400000, 0x00000000d5580000)
  object space 561152K, 99% used [0x0000000080000000,0x00000000a23f2380,0x00000000a2400000)
 Metaspace       used 83938K, committed 85696K, reserved 1179648K
  class space    used 8509K, committed 9280K, reserved 1048576K
}
Event: 5445.944 GC heap after
{Heap after GC invocations=448 (full 4):
 PSYoungGen      total 8192K, used 459K [0x00000000d5580000, 0x00000000d6180000, 0x0000000100000000)
  eden space 7680K, 0% used [0x00000000d5580000,0x00000000d5580000,0x00000000d5d00000)
  from space 512K, 89% used [0x00000000d6100000,0x00000000d6172df0,0x00000000d6180000)
  to   space 512K, 0% used [0x00000000d6080000,0x00000000d6080000,0x00000000d6100000)
 ParOldGen       total 561664K, used 561272K [0x0000000080000000, 0x00000000a2480000, 0x00000000d5580000)
  object space 561664K, 99% used [0x0000000080000000,0x00000000a241e380,0x00000000a2480000)
 Metaspace       used 83938K, committed 85696K, reserved 1179648K
  class space    used 8509K, committed 9280K, reserved 1048576K
}

