# JRE version: OpenJDK Runtime Environment Temurin-21.0.10+7 (21.0.10+7) (build 21.0.10+7-LTS)
# Java VM: OpenJDK 64-Bit Server VM Temurin-21.0.10+7 (21.0.10+7-LTS, mixed mode, sharing, tiered, compressed oops, compressed class ptrs, parallel gc, windows-amd64)
GC Precious Log:
 CardTable entry size: 512
 CPUs: 16 total, 16 available
 Memory: 16068M
 Large Page Support: Disabled
 NUMA Support: Disabled
 Compressed Oops: Enabled (32-bit)
 Alignments: Space 512K, Generation 512K, Heap 2M
 Heap Min Capacity: 100M
 Heap Initial Capacity: 100M
 Heap Max Capacity: 2G
 Pre-touch: Disabled
 Parallel Workers: 13
Heap:
 PSYoungGen      total 5632K, used 3573K [0x00000000d5580000, 0x00000000d5c00000, 0x0000000100000000)
  eden space 4608K, 65% used [0x00000000d5580000,0x00000000d5877ff0,0x00000000d5a00000)
  from space 1024K, 52% used [0x00000000d5b00000,0x00000000d5b85490,0x00000000d5c00000)
  to   space 1024K, 0% used [0x00000000d5a00000,0x00000000d5a00000,0x00000000d5b00000)
 ParOldGen       total 668160K, used 667895K [0x0000000080000000, 0x00000000a8c80000, 0x00000000d5580000)
  object space 668160K, 99% used [0x0000000080000000,0x00000000a8c3de18,0x00000000a8c80000)
 Metaspace       used 84858K, committed 86272K, reserved 1179648K
  class space    used 8400K, committed 9024K, reserved 1048576K
GC Heap History (20 events):
Event: 14919.406 GC heap before
{Heap before GC invocations=1776 (full 6):
 PSYoungGen      total 6144K, used 5635K [0x00000000d5580000, 0x00000000d5d00000, 0x0000000100000000)
  eden space 4608K, 100% used [0x00000000d5580000,0x00000000d5a00000,0x00000000d5a00000)
  from space 1536K, 66% used [0x00000000d5b80000,0x00000000d5c80da0,0x00000000d5d00000)
  to   space 1536K, 0% used [0x00000000d5a00000,0x00000000d5a00000,0x00000000d5b80000)
 ParOldGen       total 659456K, used 659392K [0x0000000080000000, 0x00000000a8400000, 0x00000000d5580000)
  object space 659456K, 99% used [0x0000000080000000,0x00000000a83f03d8,0x00000000a8400000)
 Metaspace       used 84831K, committed 86272K, reserved 1179648K
  class space    used 8399K, committed 9024K, reserved 1048576K
}
Event: 14919.408 GC heap after
{Heap after GC invocations=1776 (full 6):
 PSYoungGen      total 6144K, used 1263K [0x00000000d5580000, 0x00000000d5d00000, 0x0000000100000000)
  eden space 4608K, 0% used [0x00000000d5580000,0x00000000d5580000,0x00000000d5a00000)
  from space 1536K, 82% used [0x00000000d5a00000,0x00000000d5b3bef8,0x00000000d5b80000)
  to   space 1536K, 0% used [0x00000000d5b80000,0x00000000d5b80000,0x00000000d5d00000)
 ParOldGen       total 660480K, used 660201K [0x0000000080000000, 0x00000000a8500000, 0x00000000d5580000)
  object space 660480K, 99% used [0x0000000080000000,0x00000000a84ba788,0x00000000a8500000)
 Metaspace       used 84831K, committed 86272K, reserved 1179648K
  class space    used 8399K, committed 9024K, reserved 1048576K
}
Event: 14919.421 GC heap before
{Heap before GC invocations=1777 (full 6):
 PSYoungGen      total 6144K, used 5871K [0x00000000d5580000, 0x00000000d5d00000, 0x0000000100000000)
  eden space 4608K, 100% used [0x00000000d5580000,0x00000000d5a00000,0x00000000d5a00000)
  from space 1536K, 82% used [0x00000000d5a00000,0x00000000d5b3bef8,0x00000000d5b80000)
  to   space 1536K, 0% used [0x00000000d5b80000,0x00000000d5b80000,0x00000000d5d00000)
 ParOldGen       total 660480K, used 660201K [0x0000000080000000, 0x00000000a8500000, 0x00000000d5580000)
  object space 660480K, 99% used [0x0000000080000000,0x00000000a84ba788,0x00000000a8500000)
 Metaspace       used 84831K, committed 86272K, reserved 1179648K
  class space    used 8399K, committed 9024K, reserved 1048576K
}
Event: 14919.423 GC heap after
{Heap after GC invocations=1777 (full 6):
 PSYoungGen      total 6144K, used 1263K [0x00000000d5580000, 0x00000000d5d00000, 0x0000000100000000)
  eden space 4608K, 0% used [0x00000000d5580000,0x00000000d5580000,0x00000000d5a00000)
  from space 1536K, 82% used [0x00000000d5b80000,0x00000000d5cbbc30,0x00000000d5d00000)
  to   space 1536K, 0% used [0x00000000d5a00000,0x00000000d5a00000,0x00000000d5b80000)
 ParOldGen       total 661504K, used 661239K [0x0000000080000000, 0x00000000a8600000, 0x00000000d5580000)
  object space 661504K, 99% used [0x0000000080000000,0x00000000a85bdc48,0x00000000a8600000)
 Metaspace       used 84831K, committed 86272K, reserved 1179648K
  class space    used 8399K, committed 9024K, reserved 1048576K
}
Event: 14919.440 GC heap before
{Heap before GC invocations=1778 (full 6):
 PSYoungGen      total 6144K, used 5871K [0x00000000d5580000, 0x00000000d5d00000, 0x0000000100000000)
  eden space 4608K, 100% used [0x00000000d5580000,0x00000000d5a00000,0x00000000d5a00000)
  from space 1536K, 82% used [0x00000000d5b80000,0x00000000d5cbbc30,0x00000000d5d00000)
  to   space 1536K, 0% used [0x00000000d5a00000,0x00000000d5a00000,0x00000000d5b80000)
 ParOldGen       total 661504K, used 661239K [0x0000000080000000, 0x00000000a8600000, 0x00000000d5580000)
  object space 661504K, 99% used [0x0000000080000000,0x00000000a85bdc48,0x00000000a8600000)
 Metaspace       used 84831K, committed 86272K, reserved 1179648K
  class space    used 8399K, committed 9024K, reserved 1048576K
}
Event: 14919.441 GC heap after
{Heap after GC invocations=1778 (full 6):
 PSYoungGen      total 6144K, used 1232K [0x00000000d5580000, 0x00000000d5d00000, 0x0000000100000000)
  eden space 4608K, 0% used [0x00000000d5580000,0x00000000d5580000,0x00000000d5a00000)
  from space 1536K, 80% used [0x00000000d5a00000,0x00000000d5b34010,0x00000000d5b80000)
  to   space 1536K, 0% used [0x00000000d5b80000,0x00000000d5b80000,0x00000000d5d00000)
 ParOldGen       total 662528K, used 662310K [0x0000000080000000, 0x00000000a8700000, 0x00000000d5580000)
  object space 662528K, 99% used [0x0000000080000000,0x00000000a86c99a8,0x00000000a8700000)
 Metaspace       used 84831K, committed 86272K, reserved 1179648K
  class space    used 8399K, committed 9024K, reserved 1048576K
}
Event: 14919.529 GC heap before
{Heap before GC invocations=1779 (full 6):
 PSYoungGen      total 6144K, used 5840K [0x00000000d5580000, 0x00000000d5d00000, 0x0000000100000000)
  eden space 4608K, 100% used [0x00000000d5580000,0x00000000d5a00000,0x00000000d5a00000)
  from space 1536K, 80% used [0x00000000d5a00000,0x00000000d5b34010,0x00000000d5b80000)
  to   space 1536K, 0% used [0x00000000d5b80000,0x00000000d5b80000,0x00000000d5d00000)
 ParOldGen       total 662528K, used 662310K [0x0000000080000000, 0x00000000a8700000, 0x00000000d5580000)
  object space 662528K, 99% used [0x0000000080000000,0x00000000a86c99a8,0x00000000a8700000)
 Metaspace       used 84831K, committed 86272K, reserved 1179648K
  class space    used 8399K, committed 9024K, reserved 1048576K
}
Event: 14919.530 GC heap after
{Heap after GC invocations=1779 (full 6):
 PSYoungGen      total 6144K, used 908K [0x00000000d5580000, 0x00000000d5d00000, 0x0000000100000000)
  eden space 4608K, 0% used [0x00000000d5580000,0x00000000d5580000,0x00000000d5a00000)
  from space 1536K, 59% used [0x00000000d5b80000,0x00000000d5c63118,0x00000000d5d00000)
  to   space 1536K, 0% used [0x00000000d5a00000,0x00000000d5a00000,0x00000000d5b80000)
 ParOldGen       total 663552K, used 663094K [0x0000000080000000, 0x00000000a8800000, 0x00000000d5580000)
  object space 663552K, 99% used [0x0000000080000000,0x00000000a878d9b8,0x00000000a8800000)
 Metaspace       used 84831K, committed 86272K, reserved 1179648K
  class space    used 8399K, committed 9024K, reserved 1048576K
}
Event: 14919.542 GC heap before
{Heap before GC invocations=1780 (full 6):
 PSYoungGen      total 6144K, used 5506K [0x00000000d5580000, 0x00000000d5d00000, 0x0000000100000000)
  eden space 4608K, 99% used [0x00000000d5580000,0x00000000d59fd728,0x00000000d5a00000)
  from space 1536K, 59% used [0x00000000d5b80000,0x00000000d5c63118,0x00000000d5d00000)
  to   space 1536K, 0% used [0x00000000d5a00000,0x00000000d5a00000,0x00000000d5b80000)
 ParOldGen       total 663552K, used 663094K [0x0000000080000000, 0x00000000a8800000, 0x00000000d5580000)
  object space 663552K, 99% used [0x0000000080000000,0x00000000a878d9b8,0x00000000a8800000)
 Metaspace       used 84831K, committed 86272K, reserved 1179648K
  class space    used 8399K, committed 9024K, reserved 1048576K
}
Event: 14919.543 GC heap after
{Heap after GC invocations=1780 (full 6):
 PSYoungGen      total 6144K, used 1303K [0x00000000d5580000, 0x00000000d5d00000, 0x0000000100000000)
  eden space 4608K, 0% used [0x00000000d5580000,0x00000000d5580000,0x00000000d5a00000)
  from space 1536K, 84% used [0x00000000d5a00000,0x00000000d5b45d18,0x00000000d5b80000)
  to   space 1536K, 0% used [0x00000000d5b80000,0x00000000d5b80000,0x00000000d5d00000)
 ParOldGen       total 664064K, used 663886K [0x0000000080000000, 0x00000000a8880000, 0x00000000d5580000)
  object space 664064K, 99% used [0x0000000080000000,0x00000000a8853bd0,0x00000000a8880000)
 Metaspace       used 84831K, committed 86272K, reserved 1179648K
  class space    used 8399K, committed 9024K, reserved 1048576K
}
Event: 14919.558 GC heap before
{Heap before GC invocations=1781 (full 6):
 PSYoungGen      total 6144K, used 5911K [0x00000000d5580000, 0x00000000d5d00000, 0x0000000100000000)
  eden space 4608K, 100% used [0x00000000d5580000,0x00000000d5a00000,0x00000000d5a00000)
  from space 1536K, 84% used [0x00000000d5a00000,0x00000000d5b45d18,0x00000000d5b80000)
  to   space 1536K, 0% used [0x00000000d5b80000,0x00000000d5b80000,0x00000000d5d00000)
 ParOldGen       total 664064K, used 663886K [0x0000000080000000, 0x00000000a8880000, 0x00000000d5580000)
  object space 664064K, 99% used [0x0000000080000000,0x00000000a8853bd0,0x00000000a8880000)
 Metaspace       used 84831K, committed 86272K, reserved 1179648K
  class space    used 8399K, committed 9024K, reserved 1048576K
}
Event: 14919.560 GC heap after
{Heap after GC invocations=1781 (full 6):
 PSYoungGen      total 6144K, used 1135K [0x00000000d5580000, 0x00000000d5d00000, 0x0000000100000000)
  eden space 4608K, 0% used [0x00000000d5580000,0x00000000d5580000,0x00000000d5a00000)
  from space 1536K, 73% used [0x00000000d5b80000,0x00000000d5c9bc30,0x00000000d5d00000)
  to   space 1536K, 0% used [0x00000000d5a00000,0x00000000d5a00000,0x00000000d5b80000)
 ParOldGen       total 665088K, used 665040K [0x0000000080000000, 0x00000000a8980000, 0x00000000d5580000)
  object space 665088K, 99% used [0x0000000080000000,0x00000000a8974218,0x00000000a8980000)
 Metaspace       used 84831K, committed 86272K, reserved 1179648K
  class space    used 8399K, committed 9024K, reserved 1048576K
}
Event: 14919.577 GC heap before
{Heap before GC invocations=1782 (full 6):
 PSYoungGen      total 6144K, used 5743K [0x00000000d5580000, 0x00000000d5d00000, 0x0000000100000000)
  eden space 4608K, 99% used [0x00000000d5580000,0x00000000d59ffff0,0x00000000d5a00000)
  from space 1536K, 73% used [0x00000000d5b80000,0x00000000d5c9bc30,0x00000000d5d00000)
  to   space 1536K, 0% used [0x00000000d5a00000,0x00000000d5a00000,0x00000000d5b80000)
 ParOldGen       total 665088K, used 665040K [0x0000000080000000, 0x00000000a8980000, 0x00000000d5580000)
  object space 665088K, 99% used [0x0000000080000000,0x00000000a8974218,0x00000000a8980000)
 Metaspace       used 84831K, committed 86272K, reserved 1179648K
  class space    used 8399K, committed 9024K, reserved 1048576K
}
Event: 14919.579 GC heap after
{Heap after GC invocations=1782 (full 6):
 PSYoungGen      total 6144K, used 1152K [0x00000000d5580000, 0x00000000d5d00000, 0x0000000100000000)
  eden space 4608K, 0% used [0x00000000d5580000,0x00000000d5580000,0x00000000d5a00000)
  from space 1536K, 75% used [0x00000000d5a00000,0x00000000d5b20000,0x00000000d5b80000)
  to   space 1536K, 0% used [0x00000000d5b80000,0x00000000d5b80000,0x00000000d5d00000)
 ParOldGen       total 666112K, used 665932K [0x0000000080000000, 0x00000000a8a80000, 0x00000000d5580000)
  object space 666112K, 99% used [0x0000000080000000,0x00000000a8a53268,0x00000000a8a80000)
 Metaspace       used 84831K, committed 86272K, reserved 1179648K
  class space    used 8399K, committed 9024K, reserved 1048576K
}
Event: 14919.615 GC heap before
{Heap before GC invocations=1783 (full 6):
 PSYoungGen      total 6144K, used 5760K [0x00000000d5580000, 0x00000000d5d00000, 0x0000000100000000)
  eden space 4608K, 100% used [0x00000000d5580000,0x00000000d5a00000,0x00000000d5a00000)
  from space 1536K, 75% used [0x00000000d5a00000,0x00000000d5b20000,0x00000000d5b80000)
  to   space 1536K, 0% used [0x00000000d5b80000,0x00000000d5b80000,0x00000000d5d00000)
 ParOldGen       total 666112K, used 665932K [0x0000000080000000, 0x00000000a8a80000, 0x00000000d5580000)
  object space 666112K, 99% used [0x0000000080000000,0x00000000a8a53268,0x00000000a8a80000)
 Metaspace       used 84840K, committed 86272K, reserved 1179648K
  class space    used 8399K, committed 9024K, reserved 1048576K
}
Event: 14919.617 GC heap after
{Heap after GC invocations=1783 (full 6):
 PSYoungGen      total 6144K, used 1271K [0x00000000d5580000, 0x00000000d5d00000, 0x0000000100000000)
  eden space 4608K, 0% used [0x00000000d5580000,0x00000000d5580000,0x00000000d5a00000)
  from space 1536K, 82% used [0x00000000d5b80000,0x00000000d5cbdde0,0x00000000d5d00000)
  to   space 1536K, 0% used [0x00000000d5a00000,0x00000000d5a00000,0x00000000d5b80000)
 ParOldGen       total 667136K, used 666692K [0x0000000080000000, 0x00000000a8b80000, 0x00000000d5580000)
  object space 667136K, 99% used [0x0000000080000000,0x00000000a8b11288,0x00000000a8b80000)
 Metaspace       used 84840K, committed 86272K, reserved 1179648K
  class space    used 8399K, committed 9024K, reserved 1048576K
}
Event: 14919.649 GC heap before
{Heap before GC invocations=1784 (full 6):
 PSYoungGen      total 6144K, used 5879K [0x00000000d5580000, 0x00000000d5d00000, 0x0000000100000000)
  eden space 4608K, 100% used [0x00000000d5580000,0x00000000d5a00000,0x00000000d5a00000)
  from space 1536K, 82% used [0x00000000d5b80000,0x00000000d5cbdde0,0x00000000d5d00000)
  to   space 1536K, 0% used [0x00000000d5a00000,0x00000000d5a00000,0x00000000d5b80000)
 ParOldGen       total 667136K, used 666692K [0x0000000080000000, 0x00000000a8b80000, 0x00000000d5580000)
  object space 667136K, 99% used [0x0000000080000000,0x00000000a8b11288,0x00000000a8b80000)
 Metaspace       used 84846K, committed 86272K, reserved 1179648K
  class space    used 8399K, committed 9024K, reserved 1048576K
}
Event: 14919.651 GC heap after
{Heap after GC invocations=1784 (full 6):
 PSYoungGen      total 5120K, used 416K [0x00000000d5580000, 0x00000000d5c00000, 0x0000000100000000)
  eden space 4608K, 0% used [0x00000000d5580000,0x00000000d5580000,0x00000000d5a00000)
  from space 512K, 81% used [0x00000000d5a00000,0x00000000d5a68000,0x00000000d5a80000)
  to   space 1024K, 0% used [0x00000000d5b00000,0x00000000d5b00000,0x00000000d5c00000)
 ParOldGen       total 668160K, used 667771K [0x0000000080000000, 0x00000000a8c80000, 0x00000000d5580000)
  object space 668160K, 99% used [0x0000000080000000,0x00000000a8c1ee08,0x00000000a8c80000)
 Metaspace       used 84846K, committed 86272K, reserved 1179648K
  class space    used 8399K, committed 9024K, reserved 1048576K
}
Event: 14919.741 GC heap before
{Heap before GC invocations=1785 (full 6):
 PSYoungGen      total 5120K, used 5024K [0x00000000d5580000, 0x00000000d5c00000, 0x0000000100000000)
  eden space 4608K, 100% used [0x00000000d5580000,0x00000000d5a00000,0x00000000d5a00000)
  from space 512K, 81% used [0x00000000d5a00000,0x00000000d5a68000,0x00000000d5a80000)
  to   space 1024K, 0% used [0x00000000d5b00000,0x00000000d5b00000,0x00000000d5c00000)
 ParOldGen       total 668160K, used 667771K [0x0000000080000000, 0x00000000a8c80000, 0x00000000d5580000)
  object space 668160K, 99% used [0x0000000080000000,0x00000000a8c1ee08,0x00000000a8c80000)
 Metaspace       used 84851K, committed 86272K, reserved 1179648K
  class space    used 8399K, committed 9024K, reserved 1048576K
}
Event: 14919.743 GC heap after
{Heap after GC invocations=1785 (full 6):
 PSYoungGen      total 5632K, used 533K [0x00000000d5580000, 0x00000000d5c00000, 0x0000000100000000)
  eden space 4608K, 0% used [0x00000000d5580000,0x00000000d5580000,0x00000000d5a00000)
  from space 1024K, 52% used [0x00000000d5b00000,0x00000000d5b85490,0x00000000d5c00000)
  to   space 1024K, 0% used [0x00000000d5a00000,0x00000000d5a00000,0x00000000d5b00000)
 ParOldGen       total 668160K, used 667895K [0x0000000080000000, 0x00000000a8c80000, 0x00000000d5580000)
  object space 668160K, 99% used [0x0000000080000000,0x00000000a8c3de18,0x00000000a8c80000)
 Metaspace       used 84851K, committed 86272K, reserved 1179648K
  class space    used 8399K, committed 9024K, reserved 1048576K
}

